[21:23:43] [main/INFO]: Setting user: Player902
[21:23:44] [Client thread/INFO]: LWJGL Version: 2.9.1
[21:23:50] [Client thread/INFO]: Reloading ResourceManager: Default, FMLFileResourcePack:Forge Mod Loader, FMLFileResourcePack:Minecraft Forge, FMLFileResourcePack:mingressmod
[21:23:51] [Sound Library Loader/INFO]: Sound engine started
[21:23:55] [Client thread/INFO]: Created: 512x256 textures/blocks-atlas
[21:23:55] [Client thread/ERROR]: Using missing texture, unable to load mingress:textures/items/resonator.png
java.io.FileNotFoundException: mingress:textures/items/resonator.png
	at net.minecraft.client.resources.FallbackResourceManager.getResource(FallbackResourceManager.java:65) ~[FallbackResourceManager.class:?]
	at net.minecraft.client.resources.SimpleReloadableResourceManager.getResource(SimpleReloadableResourceManager.java:67) ~[SimpleReloadableResourceManager.class:?]
	at net.minecraft.client.renderer.texture.TextureMap.loadTextureAtlas(TextureMap.java:126) [TextureMap.class:?]
	at net.minecraft.client.renderer.texture.TextureMap.loadTexture(TextureMap.java:91) [TextureMap.class:?]
	at net.minecraft.client.renderer.texture.TextureManager.loadTexture(TextureManager.java:89) [TextureManager.class:?]
	at net.minecraft.client.renderer.texture.TextureManager.loadTickableTexture(TextureManager.java:71) [TextureManager.class:?]
	at net.minecraft.client.renderer.texture.TextureManager.loadTextureMap(TextureManager.java:58) [TextureManager.class:?]
	at net.minecraft.client.Minecraft.startGame(Minecraft.java:583) [Minecraft.class:?]
	at net.minecraft.client.Minecraft.run(Minecraft.java:931) [Minecraft.class:?]
	at net.minecraft.client.main.Main.main(Main.java:164) [Main.class:?]
	at sun.reflect.NativeMethodAccessorImpl.invoke0(Native Method) ~[?:1.7.0_80]
	at sun.reflect.NativeMethodAccessorImpl.invoke(NativeMethodAccessorImpl.java:57) ~[?:1.7.0_80]
	at sun.reflect.DelegatingMethodAccessorImpl.invoke(DelegatingMethodAccessorImpl.java:43) ~[?:1.7.0_80]
	at java.lang.reflect.Method.invoke(Method.java:606) ~[?:1.7.0_80]
	at net.minecraft.launchwrapper.Launch.launch(Launch.java:134) [launchwrapper-1.9.jar:?]
	at net.minecraft.launchwrapper.Launch.main(Launch.java:28) [launchwrapper-1.9.jar:?]
	at net.minecraftforge.gradle.GradleStartCommon.launch(Unknown Source) [start/:?]
	at GradleStart.main(Unknown Source) [start/:?]
[21:23:55] [Client thread/INFO]: Created: 1024x512 textures/items-atlas
[21:23:55] [Client thread/INFO]: Reloading ResourceManager: Default, FMLFileResourcePack:Forge Mod Loader, FMLFileResourcePack:Minecraft Forge, FMLFileResourcePack:mingressmod
[21:23:55] [Client thread/ERROR]: Using missing texture, unable to load mingress:textures/items/resonator.png
java.io.FileNotFoundException: mingress:textures/items/resonator.png
	at net.minecraft.client.resources.FallbackResourceManager.getResource(FallbackResourceManager.java:65) ~[FallbackResourceManager.class:?]
	at net.minecraft.client.resources.SimpleReloadableResourceManager.getResource(SimpleReloadableResourceManager.java:67) ~[SimpleReloadableResourceManager.class:?]
	at net.minecraft.client.renderer.texture.TextureMap.loadTextureAtlas(TextureMap.java:126) [TextureMap.class:?]
	at net.minecraft.client.renderer.texture.TextureMap.loadTexture(TextureMap.java:91) [TextureMap.class:?]
	at net.minecraft.client.renderer.texture.TextureManager.loadTexture(TextureManager.java:89) [TextureManager.class:?]
	at net.minecraft.client.renderer.texture.TextureManager.onResourceManagerReload(TextureManager.java:170) [TextureManager.class:?]
	at net.minecraft.client.resources.SimpleReloadableResourceManager.notifyReloadListeners(SimpleReloadableResourceManager.java:134) [SimpleReloadableResourceManager.class:?]
	at net.minecraft.client.resources.SimpleReloadableResourceManager.reloadResources(SimpleReloadableResourceManager.java:118) [SimpleReloadableResourceManager.class:?]
	at net.minecraft.client.Minecraft.refreshResources(Minecraft.java:643) [Minecraft.class:?]
	at cpw.mods.fml.client.FMLClientHandler.finishMinecraftLoading(FMLClientHandler.java:303) [FMLClientHandler.class:?]
	at net.minecraft.client.Minecraft.startGame(Minecraft.java:586) [Minecraft.class:?]
	at net.minecraft.client.Minecraft.run(Minecraft.java:931) [Minecraft.class:?]
	at net.minecraft.client.main.Main.main(Main.java:164) [Main.class:?]
	at sun.reflect.NativeMethodAccessorImpl.invoke0(Native Method) ~[?:1.7.0_80]
	at sun.reflect.NativeMethodAccessorImpl.invoke(NativeMethodAccessorImpl.java:57) ~[?:1.7.0_80]
	at sun.reflect.DelegatingMethodAccessorImpl.invoke(DelegatingMethodAccessorImpl.java:43) ~[?:1.7.0_80]
	at java.lang.reflect.Method.invoke(Method.java:606) ~[?:1.7.0_80]
	at net.minecraft.launchwrapper.Launch.launch(Launch.java:134) [launchwrapper-1.9.jar:?]
	at net.minecraft.launchwrapper.Launch.main(Launch.java:28) [launchwrapper-1.9.jar:?]
	at net.minecraftforge.gradle.GradleStartCommon.launch(Unknown Source) [start/:?]
	at GradleStart.main(Unknown Source) [start/:?]
[21:23:55] [Client thread/INFO]: Created: 1024x512 textures/items-atlas
[21:23:56] [Client thread/INFO]: Created: 512x256 textures/blocks-atlas
[21:23:57] [Sound Library Loader/INFO]: Sound engine started
[21:24:01] [Server thread/INFO]: Starting integrated minecraft server version 1.7.10
[21:24:01] [Server thread/INFO]: Generating keypair
[21:24:01] [Server thread/INFO]: Preparing start region for level 0
[21:24:02] [Server thread/INFO]: Preparing spawn area: 53%
[21:24:03] [Server thread/INFO]: Changing view distance to 8, from 10
[21:24:04] [Server thread/INFO]: Player902[local:E:124a1d9f] logged in with entity id 322 at (-201.5, 64.0, 258.5)
[21:24:04] [Server thread/INFO]: Player902 joined the game
[21:24:05] [Server thread/INFO]: Player902 has just earned the achievement [Taking Inventory]
[21:24:05] [Client thread/INFO]: [CHAT] Player902 has just earned the achievement [Taking Inventory]
[21:24:25] [Server thread/INFO]: Saving and pausing game...
[21:24:25] [Server thread/INFO]: Saving chunks for level 'New World'/Overworld
[21:24:25] [Server thread/INFO]: Saving chunks for level 'New World'/Nether
[21:24:25] [Server thread/INFO]: Saving chunks for level 'New World'/The End
[21:24:26] [Server thread/INFO]: Stopping server
[21:24:26] [Server thread/INFO]: Saving players
[21:24:26] [Server thread/INFO]: Saving worlds
[21:24:26] [Server thread/INFO]: Saving chunks for level 'New World'/Overworld
[21:24:26] [Server thread/INFO]: Saving chunks for level 'New World'/Nether
[21:24:26] [Server thread/INFO]: Saving chunks for level 'New World'/The End
[21:24:28] [Client thread/INFO]: Stopping!
